[23-May-2023 09:16:48 Europe/Skopje] PHP Warning:  require_once(../../../config/config.php): Failed to open stream: No such file or directory in D:\xampp\htdocs\offers\app\pages\stafi\modals\stafi_view.php on line 3
[23-May-2023 09:16:48 Europe/Skopje] PHP Fatal error:  Uncaught Error: Failed opening required '../../../config/config.php' (include_path='D:\xampp\php\PEAR') in D:\xampp\htdocs\offers\app\pages\stafi\modals\stafi_view.php:3
Stack trace:
#0 D:\xampp\htdocs\offers\index.php(92): require_once()
#1 {main}
  thrown in D:\xampp\htdocs\offers\app\pages\stafi\modals\stafi_view.php on line 3
[23-May-2023 09:16:54 Europe/Skopje] PHP Warning:  require_once(../../../config/config.php): Failed to open stream: No such file or directory in D:\xampp\htdocs\offers\app\pages\stafi\modals\stafi_view.php on line 3
[23-May-2023 09:16:54 Europe/Skopje] PHP Fatal error:  Uncaught Error: Failed opening required '../../../config/config.php' (include_path='D:\xampp\php\PEAR') in D:\xampp\htdocs\offers\app\pages\stafi\modals\stafi_view.php:3
Stack trace:
#0 D:\xampp\htdocs\offers\index.php(92): require_once()
#1 {main}
  thrown in D:\xampp\htdocs\offers\app\pages\stafi\modals\stafi_view.php on line 3
[23-May-2023 09:17:16 Europe/Skopje] PHP Fatal error:  Cannot redeclare requireLogin() (previously declared in D:\xampp\htdocs\offers\app\library\sessionFunctions.php:8) in D:\xampp\htdocs\offers\app\library\sessionFunctions.php on line 5
[23-May-2023 09:46:47 Europe/Skopje] PHP Warning:  require_once(../../../config/config.php): Failed to open stream: No such file or directory in D:\xampp\htdocs\offers\app\pages\njesit\modals\njesit_view.php on line 3
[23-May-2023 09:46:47 Europe/Skopje] PHP Fatal error:  Uncaught Error: Failed opening required '../../../config/config.php' (include_path='D:\xampp\php\PEAR') in D:\xampp\htdocs\offers\app\pages\njesit\modals\njesit_view.php:3
Stack trace:
#0 D:\xampp\htdocs\offers\index.php(98): require_once()
#1 {main}
  thrown in D:\xampp\htdocs\offers\app\pages\njesit\modals\njesit_view.php on line 3
[23-May-2023 15:57:14 Europe/Skopje] PHP Warning:  Undefined array key "loggedin" in D:\xampp\htdocs\offers\app\library\sessionFunctions.php on line 8
[23-May-2023 15:57:24 Europe/Skopje] PHP Warning:  Undefined array key "loggedin" in D:\xampp\htdocs\offers\app\library\sessionFunctions.php on line 8
[23-May-2023 15:59:07 Europe/Skopje] PHP Warning:  Undefined array key "loggedin" in D:\xampp\htdocs\offers\app\library\sessionFunctions.php on line 8
[23-May-2023 15:59:17 Europe/Skopje] PHP Warning:  Undefined array key "loggedin" in D:\xampp\htdocs\offers\app\library\sessionFunctions.php on line 8
