[19-May-2023 13:33:16 Europe/Skopje] PHP Warning:  Undefined array key "submit" in D:\xampp\htdocs\offers\app\pages\ofertat\ofertat.php on line 11
[19-May-2023 13:41:56 Europe/Skopje] PHP Warning:  Undefined array key "submit" in D:\xampp\htdocs\offers\app\pages\ofertat\ofertat.php on line 11
[19-May-2023 14:12:57 Europe/Skopje] PHP Warning:  Undefined array key "barkod" in D:\xampp\htdocs\offers\app\pages\produktet\produktet.php on line 146
[19-May-2023 14:16:48 Europe/Skopje] PHP Warning:  Undefined array key "barkod" in D:\xampp\htdocs\offers\app\pages\produktet\produktet.php on line 146
[19-May-2023 14:18:26 Europe/Skopje] PHP Warning:  Undefined array key "barkod" in D:\xampp\htdocs\offers\app\pages\produktet\produktet.php on line 146
[19-May-2023 14:18:38 Europe/Skopje] PHP Warning:  Undefined array key "barkod" in D:\xampp\htdocs\offers\app\pages\produktet\produktet.php on line 146
[19-May-2023 14:31:10 Europe/Skopje] PHP Fatal error:  Uncaught mysqli_sql_exception: You have an error in your SQL syntax; check the manual that corresponds to your MariaDB server version for the right syntax to use near 'Belul Qazimi' at line 1 in D:\xampp\htdocs\offers\app\pages\pagesat\pagesat.php:142
Stack trace:
#0 D:\xampp\htdocs\offers\app\pages\pagesat\pagesat.php(142): mysqli_query(Object(mysqli), 'SELECT * FROM k...')
#1 D:\xampp\htdocs\offers\index.php(89): require_once('D:\\xampp\\htdocs...')
#2 {main}
  thrown in D:\xampp\htdocs\offers\app\pages\pagesat\pagesat.php on line 142
[19-May-2023 14:32:52 Europe/Skopje] PHP Fatal error:  Uncaught mysqli_sql_exception: You have an error in your SQL syntax; check the manual that corresponds to your MariaDB server version for the right syntax to use near 'Belul Qazimi' at line 1 in D:\xampp\htdocs\offers\app\pages\pagesat\pagesat.php:142
Stack trace:
#0 D:\xampp\htdocs\offers\app\pages\pagesat\pagesat.php(142): mysqli_query(Object(mysqli), 'SELECT * FROM k...')
#1 D:\xampp\htdocs\offers\index.php(89): require_once('D:\\xampp\\htdocs...')
#2 {main}
  thrown in D:\xampp\htdocs\offers\app\pages\pagesat\pagesat.php on line 142
[19-May-2023 14:45:23 Europe/Skopje] PHP Warning:  Undefined variable $o_gjithsej_sasia in D:\xampp\htdocs\offers\app\pages\pagesat\pagesat.php on line 210
[19-May-2023 14:45:23 Europe/Skopje] PHP Warning:  Undefined variable $o_gjithsej_pa_tvsh in D:\xampp\htdocs\offers\app\pages\pagesat\pagesat.php on line 211
[19-May-2023 14:45:23 Europe/Skopje] PHP Warning:  Undefined variable $o_gjithsej_e_tvsh in D:\xampp\htdocs\offers\app\pages\pagesat\pagesat.php on line 212
[19-May-2023 14:45:23 Europe/Skopje] PHP Warning:  Undefined variable $o_gjithsej_me_tvsh in D:\xampp\htdocs\offers\app\pages\pagesat\pagesat.php on line 213
[19-May-2023 14:45:23 Europe/Skopje] PHP Warning:  Undefined array key "brendi" in D:\xampp\htdocs\offers\app\pages\pagesat\pagesat_print.php on line 80
[19-May-2023 14:45:23 Europe/Skopje] PHP Warning:  Undefined array key "serialnumer" in D:\xampp\htdocs\offers\app\pages\pagesat\pagesat_print.php on line 81
[19-May-2023 14:45:23 Europe/Skopje] PHP Warning:  Undefined array key "vlera_max" in D:\xampp\htdocs\offers\app\pages\pagesat\pagesat_print.php on line 82
[19-May-2023 14:45:23 Europe/Skopje] PHP Warning:  Undefined array key "vlera_prez" in D:\xampp\htdocs\offers\app\pages\pagesat\pagesat_print.php on line 83
[19-May-2023 16:15:50 Europe/Skopje] PHP Warning:  Undefined variable $row in D:\xampp\htdocs\offers\app\pages\pagesat\pagesat.php on line 349
[19-May-2023 16:15:50 Europe/Skopje] PHP Warning:  foreach() argument must be of type array|object, null given in D:\xampp\htdocs\offers\app\pages\pagesat\pagesat.php on line 349
[19-May-2023 16:26:36 Europe/Skopje] PHP Fatal error:  Uncaught Error: Undefined constant "LINK" in D:\xampp\htdocs\offers\app\pages\pagesat\cart\cart_edit.php:24
Stack trace:
#0 {main}
  thrown in D:\xampp\htdocs\offers\app\pages\pagesat\cart\cart_edit.php on line 24
[19-May-2023 16:31:14 Europe/Skopje] PHP Fatal error:  Uncaught Error: Undefined constant "LINK" in D:\xampp\htdocs\offers\app\pages\pagesat\cart\cart_edit.php:24
Stack trace:
#0 {main}
  thrown in D:\xampp\htdocs\offers\app\pages\pagesat\cart\cart_edit.php on line 24
[19-May-2023 16:31:21 Europe/Skopje] PHP Fatal error:  Uncaught Error: Undefined constant "LINK" in D:\xampp\htdocs\offers\app\pages\pagesat\cart\cart_edit.php:24
Stack trace:
#0 {main}
  thrown in D:\xampp\htdocs\offers\app\pages\pagesat\cart\cart_edit.php on line 24
[19-May-2023 16:31:26 Europe/Skopje] PHP Fatal error:  Uncaught Error: Undefined constant "LINK" in D:\xampp\htdocs\offers\app\pages\pagesat\cart\cart_edit.php:24
Stack trace:
#0 {main}
  thrown in D:\xampp\htdocs\offers\app\pages\pagesat\cart\cart_edit.php on line 24
[19-May-2023 16:36:58 Europe/Skopje] PHP Fatal error:  Uncaught Error: Undefined constant "LINK" in D:\xampp\htdocs\offers\app\pages\pagesat\cart\cart_edit.php:24
Stack trace:
#0 {main}
  thrown in D:\xampp\htdocs\offers\app\pages\pagesat\cart\cart_edit.php on line 24
[19-May-2023 16:37:00 Europe/Skopje] PHP Fatal error:  Uncaught Error: Undefined constant "LINK" in D:\xampp\htdocs\offers\app\pages\pagesat\cart\cart_edit.php:24
Stack trace:
#0 {main}
  thrown in D:\xampp\htdocs\offers\app\pages\pagesat\cart\cart_edit.php on line 24
[19-May-2023 16:37:02 Europe/Skopje] PHP Fatal error:  Uncaught Error: Undefined constant "LINK" in D:\xampp\htdocs\offers\app\pages\pagesat\cart\cart_edit.php:24
Stack trace:
#0 {main}
  thrown in D:\xampp\htdocs\offers\app\pages\pagesat\cart\cart_edit.php on line 24
[19-May-2023 16:37:07 Europe/Skopje] PHP Fatal error:  Uncaught Error: Undefined constant "LINK" in D:\xampp\htdocs\offers\app\pages\pagesat\cart\cart_edit.php:24
Stack trace:
#0 {main}
  thrown in D:\xampp\htdocs\offers\app\pages\pagesat\cart\cart_edit.php on line 24
[19-May-2023 16:37:11 Europe/Skopje] PHP Fatal error:  Uncaught Error: Undefined constant "LINK" in D:\xampp\htdocs\offers\app\pages\pagesat\cart\cart_edit.php:24
Stack trace:
#0 {main}
  thrown in D:\xampp\htdocs\offers\app\pages\pagesat\cart\cart_edit.php on line 24
[19-May-2023 16:37:19 Europe/Skopje] PHP Fatal error:  Uncaught Error: Undefined constant "LINK" in D:\xampp\htdocs\offers\app\pages\pagesat\cart\cart_edit.php:24
Stack trace:
#0 {main}
  thrown in D:\xampp\htdocs\offers\app\pages\pagesat\cart\cart_edit.php on line 24
[19-May-2023 16:37:42 Europe/Skopje] PHP Fatal error:  Uncaught Error: Undefined constant "LINK" in D:\xampp\htdocs\offers\app\pages\pagesat\cart\cart_edit.php:24
Stack trace:
#0 {main}
  thrown in D:\xampp\htdocs\offers\app\pages\pagesat\cart\cart_edit.php on line 24
[19-May-2023 16:37:49 Europe/Skopje] PHP Fatal error:  Uncaught Error: Undefined constant "LINK" in D:\xampp\htdocs\offers\app\pages\pagesat\cart\cart_edit.php:24
Stack trace:
#0 {main}
  thrown in D:\xampp\htdocs\offers\app\pages\pagesat\cart\cart_edit.php on line 24
[19-May-2023 16:37:50 Europe/Skopje] PHP Fatal error:  Uncaught Error: Undefined constant "LINK" in D:\xampp\htdocs\offers\app\pages\pagesat\cart\cart_edit.php:24
Stack trace:
#0 {main}
  thrown in D:\xampp\htdocs\offers\app\pages\pagesat\cart\cart_edit.php on line 24
[19-May-2023 16:38:12 Europe/Skopje] PHP Fatal error:  Uncaught Error: Undefined constant "LINK" in D:\xampp\htdocs\offers\app\pages\pagesat\cart\cart_edit.php:24
Stack trace:
#0 {main}
  thrown in D:\xampp\htdocs\offers\app\pages\pagesat\cart\cart_edit.php on line 24
[19-May-2023 16:48:46 Europe/Skopje] PHP Warning:  Undefined array key "res2_konsumatorID" in D:\xampp\htdocs\offers\app\pages\pagesat\pagesat.php on line 460
[19-May-2023 22:12:15 Europe/Skopje] PHP Warning:  Undefined variable $komunaErr in D:\xampp\htdocs\offers\app\pages\konsumatori\konsumatori_edit.php on line 175
[19-May-2023 22:12:15 Europe/Skopje] PHP Warning:  Undefined variable $komunaErr in D:\xampp\htdocs\offers\app\pages\konsumatori\konsumatori_edit.php on line 176
[19-May-2023 22:12:29 Europe/Skopje] PHP Warning:  Undefined variable $komunaErr in D:\xampp\htdocs\offers\app\pages\konsumatori\konsumatori_edit.php on line 175
[19-May-2023 22:12:29 Europe/Skopje] PHP Warning:  Undefined variable $komunaErr in D:\xampp\htdocs\offers\app\pages\konsumatori\konsumatori_edit.php on line 176
[19-May-2023 22:12:39 Europe/Skopje] PHP Warning:  Undefined variable $komunaErr in D:\xampp\htdocs\offers\app\pages\konsumatori\konsumatori_edit.php on line 175
[19-May-2023 22:12:39 Europe/Skopje] PHP Warning:  Undefined variable $komunaErr in D:\xampp\htdocs\offers\app\pages\konsumatori\konsumatori_edit.php on line 176
[19-May-2023 22:12:52 Europe/Skopje] PHP Warning:  Undefined variable $komunaErr in D:\xampp\htdocs\offers\app\pages\konsumatori\konsumatori_edit.php on line 175
[19-May-2023 22:12:52 Europe/Skopje] PHP Warning:  Undefined variable $komunaErr in D:\xampp\htdocs\offers\app\pages\konsumatori\konsumatori_edit.php on line 176
[19-May-2023 22:21:44 Europe/Skopje] PHP Fatal error:  Uncaught Error: Call to undefined function requireLogin() in D:\xampp\htdocs\offers\index.php:16
Stack trace:
#0 {main}
  thrown in D:\xampp\htdocs\offers\index.php on line 16
[19-May-2023 22:22:00 Europe/Skopje] PHP Fatal error:  Uncaught Error: Call to undefined function requireLogin() in D:\xampp\htdocs\offers\index.php:16
Stack trace:
#0 {main}
  thrown in D:\xampp\htdocs\offers\index.php on line 16
[19-May-2023 22:22:32 Europe/Skopje] PHP Fatal error:  Cannot redeclare requireKonfigurime() (previously declared in D:\xampp\htdocs\offers\app\library\sessionFunctions.php:20) in D:\xampp\htdocs\offers\app\library\helperFunctions.php on line 19
[19-May-2023 22:27:43 Europe/Skopje] PHP Warning:  Undefined variable $sasiaErr in D:\xampp\htdocs\offers\app\pages\produktet\produktet_new.php on line 146
[19-May-2023 22:27:43 Europe/Skopje] PHP Warning:  Undefined variable $sasiaErr in D:\xampp\htdocs\offers\app\pages\produktet\produktet_new.php on line 147
[19-May-2023 22:27:43 Europe/Skopje] PHP Warning:  Undefined array key "personKontakt" in D:\xampp\htdocs\offers\app\pages\produktet\produktet_new.php on line 258
[19-May-2023 22:27:46 Europe/Skopje] PHP Warning:  Undefined variable $sasiaErr in D:\xampp\htdocs\offers\app\pages\produktet\produktet_new.php on line 146
[19-May-2023 22:27:46 Europe/Skopje] PHP Warning:  Undefined variable $sasiaErr in D:\xampp\htdocs\offers\app\pages\produktet\produktet_new.php on line 147
[19-May-2023 22:27:46 Europe/Skopje] PHP Warning:  Undefined array key "personKontakt" in D:\xampp\htdocs\offers\app\pages\produktet\produktet_new.php on line 258
[19-May-2023 22:30:31 Europe/Skopje] PHP Warning:  Undefined variable $sasiaErr in D:\xampp\htdocs\offers\app\pages\produktet\produktet_new.php on line 146
[19-May-2023 22:30:31 Europe/Skopje] PHP Warning:  Undefined variable $sasiaErr in D:\xampp\htdocs\offers\app\pages\produktet\produktet_new.php on line 147
[19-May-2023 22:30:31 Europe/Skopje] PHP Warning:  Undefined array key "personKontakt" in D:\xampp\htdocs\offers\app\pages\produktet\produktet_new.php on line 258
[19-May-2023 22:32:29 Europe/Skopje] PHP Warning:  Undefined variable $sasiaErr in D:\xampp\htdocs\offers\app\pages\produktet\produktet_new.php on line 146
[19-May-2023 22:32:29 Europe/Skopje] PHP Warning:  Undefined variable $sasiaErr in D:\xampp\htdocs\offers\app\pages\produktet\produktet_new.php on line 147
[19-May-2023 22:32:29 Europe/Skopje] PHP Warning:  Undefined array key "personKontakt" in D:\xampp\htdocs\offers\app\pages\produktet\produktet_new.php on line 258
[19-May-2023 22:32:42 Europe/Skopje] PHP Warning:  Undefined variable $nr_amezErr in D:\xampp\htdocs\offers\app\pages\konsumatori\konsumatori_new.php on line 133
[19-May-2023 22:32:42 Europe/Skopje] PHP Warning:  Undefined variable $nr_amezErr in D:\xampp\htdocs\offers\app\pages\konsumatori\konsumatori_new.php on line 134
[19-May-2023 22:32:42 Europe/Skopje] PHP Warning:  Undefined variable $komunaErr in D:\xampp\htdocs\offers\app\pages\konsumatori\konsumatori_new.php on line 160
[19-May-2023 22:32:42 Europe/Skopje] PHP Warning:  Undefined variable $komunaErr in D:\xampp\htdocs\offers\app\pages\konsumatori\konsumatori_new.php on line 161
[19-May-2023 22:32:48 Europe/Skopje] PHP Warning:  Undefined variable $sasiaErr in D:\xampp\htdocs\offers\app\pages\produktet\produktet_new.php on line 146
[19-May-2023 22:32:48 Europe/Skopje] PHP Warning:  Undefined variable $sasiaErr in D:\xampp\htdocs\offers\app\pages\produktet\produktet_new.php on line 147
[19-May-2023 22:32:48 Europe/Skopje] PHP Warning:  Undefined array key "personKontakt" in D:\xampp\htdocs\offers\app\pages\produktet\produktet_new.php on line 258
[19-May-2023 22:37:04 Europe/Skopje] PHP Warning:  Undefined variable $sasiaErr in D:\xampp\htdocs\offers\app\pages\produktet\produktet_new.php on line 146
[19-May-2023 22:37:04 Europe/Skopje] PHP Warning:  Undefined variable $sasiaErr in D:\xampp\htdocs\offers\app\pages\produktet\produktet_new.php on line 147
[19-May-2023 22:37:04 Europe/Skopje] PHP Warning:  Undefined array key "personKontakt" in D:\xampp\htdocs\offers\app\pages\produktet\produktet_new.php on line 258
[19-May-2023 22:42:03 Europe/Skopje] PHP Warning:  Undefined array key "barkod" in D:\xampp\htdocs\offers\app\pages\produktet\produktet.php on line 146
[19-May-2023 22:42:04 Europe/Skopje] PHP Warning:  Undefined variable $sasiaErr in D:\xampp\htdocs\offers\app\pages\produktet\produktet_new.php on line 139
[19-May-2023 22:42:04 Europe/Skopje] PHP Warning:  Undefined variable $sasiaErr in D:\xampp\htdocs\offers\app\pages\produktet\produktet_new.php on line 140
[19-May-2023 22:42:04 Europe/Skopje] PHP Warning:  Undefined array key "personKontakt" in D:\xampp\htdocs\offers\app\pages\produktet\produktet_new.php on line 251
[19-May-2023 22:47:04 Europe/Skopje] PHP Warning:  Undefined variable $sasiaErr in D:\xampp\htdocs\offers\app\pages\produktet\produktet_new.php on line 139
[19-May-2023 22:47:04 Europe/Skopje] PHP Warning:  Undefined variable $sasiaErr in D:\xampp\htdocs\offers\app\pages\produktet\produktet_new.php on line 140
[19-May-2023 22:47:04 Europe/Skopje] PHP Warning:  Undefined array key "personKontakt" in D:\xampp\htdocs\offers\app\pages\produktet\produktet_new.php on line 251
[19-May-2023 22:49:19 Europe/Skopje] PHP Warning:  Undefined variable $sasiaErr in D:\xampp\htdocs\offers\app\pages\produktet\produktet_new.php on line 139
[19-May-2023 22:49:19 Europe/Skopje] PHP Warning:  Undefined variable $sasiaErr in D:\xampp\htdocs\offers\app\pages\produktet\produktet_new.php on line 140
[19-May-2023 22:49:19 Europe/Skopje] PHP Warning:  Undefined array key "personKontakt" in D:\xampp\htdocs\offers\app\pages\produktet\produktet_new.php on line 251
[19-May-2023 22:49:21 Europe/Skopje] PHP Warning:  Undefined variable $sasiaErr in D:\xampp\htdocs\offers\app\pages\produktet\produktet_new.php on line 139
[19-May-2023 22:49:21 Europe/Skopje] PHP Warning:  Undefined variable $sasiaErr in D:\xampp\htdocs\offers\app\pages\produktet\produktet_new.php on line 140
[19-May-2023 22:49:21 Europe/Skopje] PHP Warning:  Undefined array key "personKontakt" in D:\xampp\htdocs\offers\app\pages\produktet\produktet_new.php on line 251
[19-May-2023 22:49:38 Europe/Skopje] PHP Warning:  Undefined variable $sasiaErr in D:\xampp\htdocs\offers\app\pages\produktet\produktet_new.php on line 139
[19-May-2023 22:49:38 Europe/Skopje] PHP Warning:  Undefined variable $sasiaErr in D:\xampp\htdocs\offers\app\pages\produktet\produktet_new.php on line 140
[19-May-2023 22:49:38 Europe/Skopje] PHP Warning:  Undefined array key "personKontakt" in D:\xampp\htdocs\offers\app\pages\produktet\produktet_new.php on line 251
[19-May-2023 22:49:40 Europe/Skopje] PHP Warning:  Undefined variable $sasiaErr in D:\xampp\htdocs\offers\app\pages\produktet\produktet_new.php on line 139
[19-May-2023 22:49:40 Europe/Skopje] PHP Warning:  Undefined variable $sasiaErr in D:\xampp\htdocs\offers\app\pages\produktet\produktet_new.php on line 140
[19-May-2023 22:49:40 Europe/Skopje] PHP Warning:  Undefined array key "personKontakt" in D:\xampp\htdocs\offers\app\pages\produktet\produktet_new.php on line 251
[19-May-2023 22:49:41 Europe/Skopje] PHP Warning:  Undefined array key "barkod" in D:\xampp\htdocs\offers\app\pages\produktet\produktet.php on line 146
[19-May-2023 22:49:43 Europe/Skopje] PHP Warning:  Undefined variable $sasiaErr in D:\xampp\htdocs\offers\app\pages\produktet\produktet_new.php on line 139
[19-May-2023 22:49:43 Europe/Skopje] PHP Warning:  Undefined variable $sasiaErr in D:\xampp\htdocs\offers\app\pages\produktet\produktet_new.php on line 140
[19-May-2023 22:49:43 Europe/Skopje] PHP Warning:  Undefined array key "personKontakt" in D:\xampp\htdocs\offers\app\pages\produktet\produktet_new.php on line 251
[19-May-2023 22:49:49 Europe/Skopje] PHP Warning:  Undefined variable $sasiaErr in D:\xampp\htdocs\offers\app\pages\produktet\produktet_new.php on line 139
[19-May-2023 22:49:49 Europe/Skopje] PHP Warning:  Undefined variable $sasiaErr in D:\xampp\htdocs\offers\app\pages\produktet\produktet_new.php on line 140
[19-May-2023 22:49:49 Europe/Skopje] PHP Warning:  Undefined array key "personKontakt" in D:\xampp\htdocs\offers\app\pages\produktet\produktet_new.php on line 251
[19-May-2023 22:51:24 Europe/Skopje] PHP Warning:  Undefined array key "barkod" in D:\xampp\htdocs\offers\app\pages\produktet\produktet.php on line 146
[19-May-2023 22:58:07 Europe/Skopje] PHP Warning:  Undefined variable $nr_amezErr in D:\xampp\htdocs\offers\app\pages\konsumatori\konsumatori_new.php on line 129
[19-May-2023 22:58:07 Europe/Skopje] PHP Warning:  Undefined variable $nr_amezErr in D:\xampp\htdocs\offers\app\pages\konsumatori\konsumatori_new.php on line 130
[19-May-2023 22:58:07 Europe/Skopje] PHP Warning:  Undefined variable $komunaErr in D:\xampp\htdocs\offers\app\pages\konsumatori\konsumatori_new.php on line 156
[19-May-2023 22:58:07 Europe/Skopje] PHP Warning:  Undefined variable $komunaErr in D:\xampp\htdocs\offers\app\pages\konsumatori\konsumatori_new.php on line 157
[19-May-2023 22:58:10 Europe/Skopje] PHP Warning:  Undefined variable $nr_amezErr in D:\xampp\htdocs\offers\app\pages\konsumatori\konsumatori_new.php on line 129
[19-May-2023 22:58:10 Europe/Skopje] PHP Warning:  Undefined variable $nr_amezErr in D:\xampp\htdocs\offers\app\pages\konsumatori\konsumatori_new.php on line 130
[19-May-2023 22:59:31 Europe/Skopje] PHP Warning:  Undefined variable $nr_amezErr in D:\xampp\htdocs\offers\app\pages\konsumatori\konsumatori_new.php on line 129
[19-May-2023 22:59:31 Europe/Skopje] PHP Warning:  Undefined variable $nr_amezErr in D:\xampp\htdocs\offers\app\pages\konsumatori\konsumatori_new.php on line 130
[19-May-2023 22:59:31 Europe/Skopje] PHP Warning:  Undefined variable $komunaErr in D:\xampp\htdocs\offers\app\pages\konsumatori\konsumatori_new.php on line 156
[19-May-2023 22:59:31 Europe/Skopje] PHP Warning:  Undefined variable $komunaErr in D:\xampp\htdocs\offers\app\pages\konsumatori\konsumatori_new.php on line 157
[19-May-2023 22:59:43 Europe/Skopje] PHP Warning:  Undefined variable $nr_amezErr in D:\xampp\htdocs\offers\app\pages\konsumatori\konsumatori_new.php on line 129
[19-May-2023 22:59:43 Europe/Skopje] PHP Warning:  Undefined variable $nr_amezErr in D:\xampp\htdocs\offers\app\pages\konsumatori\konsumatori_new.php on line 130
[19-May-2023 23:02:26 Europe/Skopje] PHP Warning:  Undefined variable $nr_amezErr in D:\xampp\htdocs\offers\app\pages\konsumatori\konsumatori_new.php on line 129
[19-May-2023 23:02:26 Europe/Skopje] PHP Warning:  Undefined variable $nr_amezErr in D:\xampp\htdocs\offers\app\pages\konsumatori\konsumatori_new.php on line 130
[19-May-2023 23:02:26 Europe/Skopje] PHP Warning:  Undefined variable $komunaErr in D:\xampp\htdocs\offers\app\pages\konsumatori\konsumatori_new.php on line 156
[19-May-2023 23:02:26 Europe/Skopje] PHP Warning:  Undefined variable $komunaErr in D:\xampp\htdocs\offers\app\pages\konsumatori\konsumatori_new.php on line 157
[19-May-2023 23:07:10 Europe/Skopje] PHP Warning:  Undefined variable $sasiaErr in D:\xampp\htdocs\offers\app\pages\produktet\produktet_new.php on line 125
[19-May-2023 23:07:10 Europe/Skopje] PHP Warning:  Undefined variable $sasiaErr in D:\xampp\htdocs\offers\app\pages\produktet\produktet_new.php on line 126
[19-May-2023 23:07:10 Europe/Skopje] PHP Warning:  Undefined array key "personKontakt" in D:\xampp\htdocs\offers\app\pages\produktet\produktet_new.php on line 220
[19-May-2023 23:09:03 Europe/Skopje] PHP Warning:  Undefined variable $nr_amezErr in D:\xampp\htdocs\offers\app\pages\konsumatori\konsumatori_new.php on line 129
[19-May-2023 23:09:03 Europe/Skopje] PHP Warning:  Undefined variable $nr_amezErr in D:\xampp\htdocs\offers\app\pages\konsumatori\konsumatori_new.php on line 130
[19-May-2023 23:09:03 Europe/Skopje] PHP Warning:  Undefined variable $komunaErr in D:\xampp\htdocs\offers\app\pages\konsumatori\konsumatori_new.php on line 156
[19-May-2023 23:09:03 Europe/Skopje] PHP Warning:  Undefined variable $komunaErr in D:\xampp\htdocs\offers\app\pages\konsumatori\konsumatori_new.php on line 157
[19-May-2023 23:09:17 Europe/Skopje] PHP Warning:  Undefined variable $nr_amezErr in D:\xampp\htdocs\offers\app\pages\konsumatori\konsumatori_new.php on line 129
[19-May-2023 23:09:17 Europe/Skopje] PHP Warning:  Undefined variable $nr_amezErr in D:\xampp\htdocs\offers\app\pages\konsumatori\konsumatori_new.php on line 130
[19-May-2023 23:09:17 Europe/Skopje] PHP Warning:  Undefined variable $komunaErr in D:\xampp\htdocs\offers\app\pages\konsumatori\konsumatori_new.php on line 156
[19-May-2023 23:09:17 Europe/Skopje] PHP Warning:  Undefined variable $komunaErr in D:\xampp\htdocs\offers\app\pages\konsumatori\konsumatori_new.php on line 157
[21-May-2023 11:37:56 Europe/Skopje] PHP Parse error:  Unmatched '}' in D:\xampp\htdocs\offers\app\pages\stafi\stafi.php on line 160
[21-May-2023 11:49:06 Europe/Skopje] PHP Fatal error:  Uncaught TypeError: dd(): Argument #1 ($var) must be of type array, string given, called in D:\xampp\htdocs\offers\app\pages\stafi\stafi.php on line 139 and defined in D:\xampp\htdocs\offers\app\library\helperFunctions.php:84
Stack trace:
#0 D:\xampp\htdocs\offers\app\pages\stafi\stafi.php(139): dd('D:\\xampp\\htdocs...')
#1 D:\xampp\htdocs\offers\index.php(91): require_once('D:\\xampp\\htdocs...')
#2 {main}
  thrown in D:\xampp\htdocs\offers\app\library\helperFunctions.php on line 84
[21-May-2023 12:20:13 Europe/Skopje] PHP Warning:  Undefined variable $komunaErr in D:\xampp\htdocs\offers\app\pages\konsumatori\konsumatori_edit.php on line 175
[21-May-2023 12:20:13 Europe/Skopje] PHP Warning:  Undefined variable $komunaErr in D:\xampp\htdocs\offers\app\pages\konsumatori\konsumatori_edit.php on line 176
[21-May-2023 12:31:22 Europe/Skopje] PHP Parse error:  syntax error, unexpected token "}" in D:\xampp\htdocs\offers\app\pages\pagesat\pagesat.php on line 54
[21-May-2023 12:31:27 Europe/Skopje] PHP Parse error:  syntax error, unexpected token "}" in D:\xampp\htdocs\offers\app\pages\pagesat\pagesat.php on line 54
[21-May-2023 12:35:36 Europe/Skopje] PHP Warning:  Undefined variable $nr_amezErr in D:\xampp\htdocs\offers\app\pages\konsumatori\konsumatori_new.php on line 129
[21-May-2023 12:35:36 Europe/Skopje] PHP Warning:  Undefined variable $nr_amezErr in D:\xampp\htdocs\offers\app\pages\konsumatori\konsumatori_new.php on line 130
[21-May-2023 12:35:36 Europe/Skopje] PHP Warning:  Undefined variable $komunaErr in D:\xampp\htdocs\offers\app\pages\konsumatori\konsumatori_new.php on line 156
[21-May-2023 12:35:36 Europe/Skopje] PHP Warning:  Undefined variable $komunaErr in D:\xampp\htdocs\offers\app\pages\konsumatori\konsumatori_new.php on line 157
[21-May-2023 12:35:46 Europe/Skopje] PHP Warning:  Undefined variable $nr_amezErr in D:\xampp\htdocs\offers\app\pages\konsumatori\konsumatori_new.php on line 129
[21-May-2023 12:35:46 Europe/Skopje] PHP Warning:  Undefined variable $nr_amezErr in D:\xampp\htdocs\offers\app\pages\konsumatori\konsumatori_new.php on line 130
[21-May-2023 12:36:24 Europe/Skopje] PHP Warning:  Undefined variable $nr_amezErr in D:\xampp\htdocs\offers\app\pages\konsumatori\konsumatori_new.php on line 129
[21-May-2023 12:36:24 Europe/Skopje] PHP Warning:  Undefined variable $nr_amezErr in D:\xampp\htdocs\offers\app\pages\konsumatori\konsumatori_new.php on line 130
[21-May-2023 12:36:24 Europe/Skopje] PHP Warning:  Undefined variable $komunaErr in D:\xampp\htdocs\offers\app\pages\konsumatori\konsumatori_new.php on line 156
[21-May-2023 12:36:24 Europe/Skopje] PHP Warning:  Undefined variable $komunaErr in D:\xampp\htdocs\offers\app\pages\konsumatori\konsumatori_new.php on line 157
[21-May-2023 12:36:38 Europe/Skopje] PHP Warning:  Undefined variable $nr_amezErr in D:\xampp\htdocs\offers\app\pages\konsumatori\konsumatori_new.php on line 129
[21-May-2023 12:36:38 Europe/Skopje] PHP Warning:  Undefined variable $nr_amezErr in D:\xampp\htdocs\offers\app\pages\konsumatori\konsumatori_new.php on line 130
[21-May-2023 12:36:38 Europe/Skopje] PHP Warning:  Undefined variable $komunaErr in D:\xampp\htdocs\offers\app\pages\konsumatori\konsumatori_new.php on line 156
[21-May-2023 12:36:38 Europe/Skopje] PHP Warning:  Undefined variable $komunaErr in D:\xampp\htdocs\offers\app\pages\konsumatori\konsumatori_new.php on line 157
[21-May-2023 12:37:04 Europe/Skopje] PHP Warning:  Undefined variable $nr_amezErr in D:\xampp\htdocs\offers\app\pages\konsumatori\konsumatori_new.php on line 129
[21-May-2023 12:37:04 Europe/Skopje] PHP Warning:  Undefined variable $nr_amezErr in D:\xampp\htdocs\offers\app\pages\konsumatori\konsumatori_new.php on line 130
[21-May-2023 12:37:04 Europe/Skopje] PHP Warning:  Undefined variable $komunaErr in D:\xampp\htdocs\offers\app\pages\konsumatori\konsumatori_new.php on line 156
[21-May-2023 12:37:04 Europe/Skopje] PHP Warning:  Undefined variable $komunaErr in D:\xampp\htdocs\offers\app\pages\konsumatori\konsumatori_new.php on line 157
[21-May-2023 12:37:27 Europe/Skopje] PHP Warning:  Undefined variable $nr_amezErr in D:\xampp\htdocs\offers\app\pages\konsumatori\konsumatori_new.php on line 129
[21-May-2023 12:37:27 Europe/Skopje] PHP Warning:  Undefined variable $nr_amezErr in D:\xampp\htdocs\offers\app\pages\konsumatori\konsumatori_new.php on line 130
[21-May-2023 12:37:27 Europe/Skopje] PHP Warning:  Undefined variable $komunaErr in D:\xampp\htdocs\offers\app\pages\konsumatori\konsumatori_new.php on line 156
[21-May-2023 12:37:27 Europe/Skopje] PHP Warning:  Undefined variable $komunaErr in D:\xampp\htdocs\offers\app\pages\konsumatori\konsumatori_new.php on line 157
[21-May-2023 12:37:38 Europe/Skopje] PHP Warning:  Undefined variable $nr_amezErr in D:\xampp\htdocs\offers\app\pages\konsumatori\konsumatori_new.php on line 129
[21-May-2023 12:37:38 Europe/Skopje] PHP Warning:  Undefined variable $nr_amezErr in D:\xampp\htdocs\offers\app\pages\konsumatori\konsumatori_new.php on line 130
[21-May-2023 12:37:38 Europe/Skopje] PHP Warning:  Undefined variable $komunaErr in D:\xampp\htdocs\offers\app\pages\konsumatori\konsumatori_new.php on line 156
[21-May-2023 12:37:38 Europe/Skopje] PHP Warning:  Undefined variable $komunaErr in D:\xampp\htdocs\offers\app\pages\konsumatori\konsumatori_new.php on line 157
[21-May-2023 12:37:48 Europe/Skopje] PHP Warning:  Undefined variable $nr_amezErr in D:\xampp\htdocs\offers\app\pages\konsumatori\konsumatori_new.php on line 129
[21-May-2023 12:37:48 Europe/Skopje] PHP Warning:  Undefined variable $nr_amezErr in D:\xampp\htdocs\offers\app\pages\konsumatori\konsumatori_new.php on line 130
[21-May-2023 12:37:48 Europe/Skopje] PHP Warning:  Undefined variable $komunaErr in D:\xampp\htdocs\offers\app\pages\konsumatori\konsumatori_new.php on line 156
[21-May-2023 12:37:48 Europe/Skopje] PHP Warning:  Undefined variable $komunaErr in D:\xampp\htdocs\offers\app\pages\konsumatori\konsumatori_new.php on line 157
[21-May-2023 12:38:05 Europe/Skopje] PHP Warning:  Undefined variable $nr_amezErr in D:\xampp\htdocs\offers\app\pages\konsumatori\konsumatori_new.php on line 129
[21-May-2023 12:38:05 Europe/Skopje] PHP Warning:  Undefined variable $nr_amezErr in D:\xampp\htdocs\offers\app\pages\konsumatori\konsumatori_new.php on line 130
[21-May-2023 12:38:05 Europe/Skopje] PHP Warning:  Undefined variable $komunaErr in D:\xampp\htdocs\offers\app\pages\konsumatori\konsumatori_new.php on line 156
[21-May-2023 12:38:05 Europe/Skopje] PHP Warning:  Undefined variable $komunaErr in D:\xampp\htdocs\offers\app\pages\konsumatori\konsumatori_new.php on line 157
[21-May-2023 12:38:41 Europe/Skopje] PHP Warning:  Undefined variable $nr_amezErr in D:\xampp\htdocs\offers\app\pages\konsumatori\konsumatori_new.php on line 129
[21-May-2023 12:38:41 Europe/Skopje] PHP Warning:  Undefined variable $nr_amezErr in D:\xampp\htdocs\offers\app\pages\konsumatori\konsumatori_new.php on line 130
[21-May-2023 12:38:41 Europe/Skopje] PHP Warning:  Undefined variable $komunaErr in D:\xampp\htdocs\offers\app\pages\konsumatori\konsumatori_new.php on line 156
[21-May-2023 12:38:41 Europe/Skopje] PHP Warning:  Undefined variable $komunaErr in D:\xampp\htdocs\offers\app\pages\konsumatori\konsumatori_new.php on line 157
[21-May-2023 12:38:48 Europe/Skopje] PHP Warning:  Undefined variable $nr_amezErr in D:\xampp\htdocs\offers\app\pages\konsumatori\konsumatori_new.php on line 129
[21-May-2023 12:38:48 Europe/Skopje] PHP Warning:  Undefined variable $nr_amezErr in D:\xampp\htdocs\offers\app\pages\konsumatori\konsumatori_new.php on line 130
[21-May-2023 12:38:48 Europe/Skopje] PHP Warning:  Undefined variable $komunaErr in D:\xampp\htdocs\offers\app\pages\konsumatori\konsumatori_new.php on line 156
[21-May-2023 12:38:48 Europe/Skopje] PHP Warning:  Undefined variable $komunaErr in D:\xampp\htdocs\offers\app\pages\konsumatori\konsumatori_new.php on line 157
[21-May-2023 12:39:13 Europe/Skopje] PHP Warning:  Undefined variable $nr_amezErr in D:\xampp\htdocs\offers\app\pages\konsumatori\konsumatori_new.php on line 129
[21-May-2023 12:39:13 Europe/Skopje] PHP Warning:  Undefined variable $nr_amezErr in D:\xampp\htdocs\offers\app\pages\konsumatori\konsumatori_new.php on line 130
[21-May-2023 12:39:13 Europe/Skopje] PHP Warning:  Undefined variable $komunaErr in D:\xampp\htdocs\offers\app\pages\konsumatori\konsumatori_new.php on line 156
[21-May-2023 12:39:13 Europe/Skopje] PHP Warning:  Undefined variable $komunaErr in D:\xampp\htdocs\offers\app\pages\konsumatori\konsumatori_new.php on line 157
[21-May-2023 12:39:33 Europe/Skopje] PHP Warning:  Undefined variable $nr_amezErr in D:\xampp\htdocs\offers\app\pages\konsumatori\konsumatori_new.php on line 129
[21-May-2023 12:39:33 Europe/Skopje] PHP Warning:  Undefined variable $nr_amezErr in D:\xampp\htdocs\offers\app\pages\konsumatori\konsumatori_new.php on line 130
[21-May-2023 12:39:33 Europe/Skopje] PHP Warning:  Undefined variable $komunaErr in D:\xampp\htdocs\offers\app\pages\konsumatori\konsumatori_new.php on line 156
[21-May-2023 12:39:33 Europe/Skopje] PHP Warning:  Undefined variable $komunaErr in D:\xampp\htdocs\offers\app\pages\konsumatori\konsumatori_new.php on line 157
[21-May-2023 12:39:37 Europe/Skopje] PHP Warning:  Undefined variable $nr_amezErr in D:\xampp\htdocs\offers\app\pages\konsumatori\konsumatori_new.php on line 129
[21-May-2023 12:39:37 Europe/Skopje] PHP Warning:  Undefined variable $nr_amezErr in D:\xampp\htdocs\offers\app\pages\konsumatori\konsumatori_new.php on line 130
[21-May-2023 12:39:37 Europe/Skopje] PHP Warning:  Undefined variable $komunaErr in D:\xampp\htdocs\offers\app\pages\konsumatori\konsumatori_new.php on line 156
[21-May-2023 12:39:37 Europe/Skopje] PHP Warning:  Undefined variable $komunaErr in D:\xampp\htdocs\offers\app\pages\konsumatori\konsumatori_new.php on line 157
[21-May-2023 12:40:00 Europe/Skopje] PHP Warning:  Undefined variable $nr_amezErr in D:\xampp\htdocs\offers\app\pages\konsumatori\konsumatori_new.php on line 129
[21-May-2023 12:40:00 Europe/Skopje] PHP Warning:  Undefined variable $nr_amezErr in D:\xampp\htdocs\offers\app\pages\konsumatori\konsumatori_new.php on line 130
[21-May-2023 12:40:00 Europe/Skopje] PHP Warning:  Undefined variable $komunaErr in D:\xampp\htdocs\offers\app\pages\konsumatori\konsumatori_new.php on line 156
[21-May-2023 12:40:00 Europe/Skopje] PHP Warning:  Undefined variable $komunaErr in D:\xampp\htdocs\offers\app\pages\konsumatori\konsumatori_new.php on line 157
[21-May-2023 12:40:18 Europe/Skopje] PHP Warning:  Undefined variable $nr_amezErr in D:\xampp\htdocs\offers\app\pages\konsumatori\konsumatori_new.php on line 129
[21-May-2023 12:40:18 Europe/Skopje] PHP Warning:  Undefined variable $nr_amezErr in D:\xampp\htdocs\offers\app\pages\konsumatori\konsumatori_new.php on line 130
[21-May-2023 12:40:18 Europe/Skopje] PHP Warning:  Undefined variable $komunaErr in D:\xampp\htdocs\offers\app\pages\konsumatori\konsumatori_new.php on line 156
[21-May-2023 12:40:18 Europe/Skopje] PHP Warning:  Undefined variable $komunaErr in D:\xampp\htdocs\offers\app\pages\konsumatori\konsumatori_new.php on line 157
[21-May-2023 12:42:16 Europe/Skopje] PHP Warning:  Undefined variable $nr_amezErr in D:\xampp\htdocs\offers\app\pages\konsumatori\konsumatori_new.php on line 129
[21-May-2023 12:42:16 Europe/Skopje] PHP Warning:  Undefined variable $nr_amezErr in D:\xampp\htdocs\offers\app\pages\konsumatori\konsumatori_new.php on line 130
[21-May-2023 12:42:16 Europe/Skopje] PHP Warning:  Undefined variable $komunaErr in D:\xampp\htdocs\offers\app\pages\konsumatori\konsumatori_new.php on line 156
[21-May-2023 12:42:16 Europe/Skopje] PHP Warning:  Undefined variable $komunaErr in D:\xampp\htdocs\offers\app\pages\konsumatori\konsumatori_new.php on line 157
[21-May-2023 12:45:55 Europe/Skopje] PHP Warning:  Undefined variable $nr_amezErr in D:\xampp\htdocs\offers\app\pages\konsumatori\konsumatori_new.php on line 129
[21-May-2023 12:45:55 Europe/Skopje] PHP Warning:  Undefined variable $nr_amezErr in D:\xampp\htdocs\offers\app\pages\konsumatori\konsumatori_new.php on line 130
[21-May-2023 12:45:55 Europe/Skopje] PHP Warning:  Undefined variable $komunaErr in D:\xampp\htdocs\offers\app\pages\konsumatori\konsumatori_new.php on line 156
[21-May-2023 12:45:55 Europe/Skopje] PHP Warning:  Undefined variable $komunaErr in D:\xampp\htdocs\offers\app\pages\konsumatori\konsumatori_new.php on line 157
[21-May-2023 12:45:59 Europe/Skopje] PHP Warning:  Undefined variable $nr_amezErr in D:\xampp\htdocs\offers\app\pages\konsumatori\konsumatori_new.php on line 129
[21-May-2023 12:45:59 Europe/Skopje] PHP Warning:  Undefined variable $nr_amezErr in D:\xampp\htdocs\offers\app\pages\konsumatori\konsumatori_new.php on line 130
[21-May-2023 12:45:59 Europe/Skopje] PHP Warning:  Undefined variable $komunaErr in D:\xampp\htdocs\offers\app\pages\konsumatori\konsumatori_new.php on line 156
[21-May-2023 12:45:59 Europe/Skopje] PHP Warning:  Undefined variable $komunaErr in D:\xampp\htdocs\offers\app\pages\konsumatori\konsumatori_new.php on line 157
[21-May-2023 12:46:03 Europe/Skopje] PHP Warning:  Undefined variable $nr_amezErr in D:\xampp\htdocs\offers\app\pages\konsumatori\konsumatori_new.php on line 129
[21-May-2023 12:46:03 Europe/Skopje] PHP Warning:  Undefined variable $nr_amezErr in D:\xampp\htdocs\offers\app\pages\konsumatori\konsumatori_new.php on line 130
[21-May-2023 12:46:03 Europe/Skopje] PHP Warning:  Undefined variable $komunaErr in D:\xampp\htdocs\offers\app\pages\konsumatori\konsumatori_new.php on line 156
[21-May-2023 12:46:03 Europe/Skopje] PHP Warning:  Undefined variable $komunaErr in D:\xampp\htdocs\offers\app\pages\konsumatori\konsumatori_new.php on line 157
[21-May-2023 13:24:15 Europe/Skopje] PHP Warning:  Undefined array key "image" in D:\xampp\htdocs\offers\app\pages\konfigurime\konfigurime.php on line 268
